<?xml version="1.0" encoding="UTF-8"?>
<testng-results ignored="0" total="7" passed="7" failed="0" skipped="0">
  <reporter-output>
  </reporter-output>
  <suite started-at="2026-04-17T06:20:23 WIB" name="Surefire suite" finished-at="2026-04-17T06:20:34 WIB" duration-ms="11271">
    <groups>
      <group name="cucumber">
        <method signature="AbstractTestNGCucumberTests.runScenario(io.cucumber.testng.PickleWrapper,io.cucumber.testng.FeatureWrapper)[pri:0, instance:com.syafiq.cucumber.TestRunner@6eda5c9]" name="runScenario" class="io.cucumber.testng.AbstractTestNGCucumberTests"/>
      </group> <!-- cucumber -->
    </groups>
    <test started-at="2026-04-17T06:20:23 WIB" name="Surefire test" finished-at="2026-04-17T06:20:34 WIB" duration-ms="11271">
      <class name="com.syafiq.cucumber.TestRunner">
        <test-method is-config="true" signature="globalSetUp()[pri:0, instance:com.syafiq.cucumber.TestRunner@6eda5c9]" started-at="2026-04-17T06:20:21 WIB" name="globalSetUp" finished-at="2026-04-17T06:20:23 WIB" duration-ms="1906" status="PASS">
          <reporter-output>
          </reporter-output>
        </test-method> <!-- globalSetUp -->
        <test-method is-config="true" signature="setUpClass(org.testng.ITestContext)[pri:0, instance:com.syafiq.cucumber.TestRunner@6eda5c9]" started-at="2026-04-17T06:20:23 WIB" name="setUpClass" finished-at="2026-04-17T06:20:23 WIB" duration-ms="219" status="PASS">
          <params>
            <param index="0">
              <value>
                <![CDATA[org.testng.TestRunner@55e91e61]]>
              </value>
            </param>
          </params>
          <reporter-output>
          </reporter-output>
        </test-method> <!-- setUpClass -->
        <test-method signature="runScenario(io.cucumber.testng.PickleWrapper,io.cucumber.testng.FeatureWrapper)[pri:0, instance:com.syafiq.cucumber.TestRunner@6eda5c9]" started-at="2026-04-17T06:20:23 WIB" name="runScenario" description="Runs Cucumber Scenarios" data-provider="scenarios" finished-at="2026-04-17T06:20:25 WIB" duration-ms="1771" status="PASS">
          <params>
            <param index="0">
              <value>
                <![CDATA["Successful login with valid credentials"]]>
              </value>
            </param>
            <param index="1">
              <value>
                <![CDATA["SauceDemo Login Functionality"]]>
              </value>
            </param>
          </params>
          <reporter-output>
          </reporter-output>
        </test-method> <!-- runScenario -->
        <test-method signature="runScenario(io.cucumber.testng.PickleWrapper,io.cucumber.testng.FeatureWrapper)[pri:0, instance:com.syafiq.cucumber.TestRunner@6eda5c9]" started-at="2026-04-17T06:20:25 WIB" name="runScenario" description="Runs Cucumber Scenarios" data-provider="scenarios" finished-at="2026-04-17T06:20:26 WIB" duration-ms="1103" status="PASS">
          <params>
            <param index="0">
              <value>
                <![CDATA["Login failure with incorrect credentials"]]>
              </value>
            </param>
            <param index="1">
              <value>
                <![CDATA["SauceDemo Login Functionality"]]>
              </value>
            </param>
          </params>
          <reporter-output>
          </reporter-output>
        </test-method> <!-- runScenario -->
        <test-method signature="runScenario(io.cucumber.testng.PickleWrapper,io.cucumber.testng.FeatureWrapper)[pri:0, instance:com.syafiq.cucumber.TestRunner@6eda5c9]" started-at="2026-04-17T06:20:26 WIB" name="runScenario" description="Runs Cucumber Scenarios" data-provider="scenarios" finished-at="2026-04-17T06:20:27 WIB" duration-ms="1486" status="PASS">
          <params>
            <param index="0">
              <value>
                <![CDATA["Sort products by price low to high"]]>
              </value>
            </param>
            <param index="1">
              <value>
                <![CDATA["Sort Products by Price and Checkout"]]>
              </value>
            </param>
          </params>
          <reporter-output>
          </reporter-output>
        </test-method> <!-- runScenario -->
        <test-method signature="runScenario(io.cucumber.testng.PickleWrapper,io.cucumber.testng.FeatureWrapper)[pri:0, instance:com.syafiq.cucumber.TestRunner@6eda5c9]" started-at="2026-04-17T06:20:27 WIB" name="runScenario" description="Runs Cucumber Scenarios" data-provider="scenarios" finished-at="2026-04-17T06:20:29 WIB" duration-ms="1788" status="PASS">
          <params>
            <param index="0">
              <value>
                <![CDATA["Successfully checkout the cheapest product"]]>
              </value>
            </param>
            <param index="1">
              <value>
                <![CDATA["Sort Products by Price and Checkout"]]>
              </value>
            </param>
          </params>
          <reporter-output>
          </reporter-output>
        </test-method> <!-- runScenario -->
        <test-method signature="runScenario(io.cucumber.testng.PickleWrapper,io.cucumber.testng.FeatureWrapper)[pri:0, instance:com.syafiq.cucumber.TestRunner@6eda5c9]" started-at="2026-04-17T06:20:29 WIB" name="runScenario" description="Runs Cucumber Scenarios" data-provider="scenarios" finished-at="2026-04-17T06:20:31 WIB" duration-ms="1636" status="PASS">
          <params>
            <param index="0">
              <value>
                <![CDATA["Checkout fails when required field is empty"]]>
              </value>
            </param>
            <param index="1">
              <value>
                <![CDATA["Sort Products by Price and Checkout"]]>
              </value>
            </param>
          </params>
          <reporter-output>
          </reporter-output>
        </test-method> <!-- runScenario -->
        <test-method signature="runScenario(io.cucumber.testng.PickleWrapper,io.cucumber.testng.FeatureWrapper)[pri:0, instance:com.syafiq.cucumber.TestRunner@6eda5c9]" started-at="2026-04-17T06:20:31 WIB" name="runScenario" description="Runs Cucumber Scenarios" data-provider="scenarios" finished-at="2026-04-17T06:20:32 WIB" duration-ms="1649" status="PASS">
          <params>
            <param index="0">
              <value>
                <![CDATA["Checkout fails when required field is empty"]]>
              </value>
            </param>
            <param index="1">
              <value>
                <![CDATA["Sort Products by Price and Checkout"]]>
              </value>
            </param>
          </params>
          <reporter-output>
          </reporter-output>
        </test-method> <!-- runScenario -->
        <test-method signature="runScenario(io.cucumber.testng.PickleWrapper,io.cucumber.testng.FeatureWrapper)[pri:0, instance:com.syafiq.cucumber.TestRunner@6eda5c9]" started-at="2026-04-17T06:20:32 WIB" name="runScenario" description="Runs Cucumber Scenarios" data-provider="scenarios" finished-at="2026-04-17T06:20:34 WIB" duration-ms="1585" status="PASS">
          <params>
            <param index="0">
              <value>
                <![CDATA["Checkout fails when required field is empty"]]>
              </value>
            </param>
            <param index="1">
              <value>
                <![CDATA["Sort Products by Price and Checkout"]]>
              </value>
            </param>
          </params>
          <reporter-output>
          </reporter-output>
        </test-method> <!-- runScenario -->
        <test-method is-config="true" signature="tearDownClass()[pri:0, instance:com.syafiq.cucumber.TestRunner@6eda5c9]" started-at="2026-04-17T06:20:34 WIB" name="tearDownClass" finished-at="2026-04-17T06:20:34 WIB" duration-ms="20" status="PASS">
          <reporter-output>
          </reporter-output>
        </test-method> <!-- tearDownClass -->
        <test-method is-config="true" signature="globalTearDown()[pri:0, instance:com.syafiq.cucumber.TestRunner@6eda5c9]" started-at="2026-04-17T06:20:34 WIB" name="globalTearDown" finished-at="2026-04-17T06:20:34 WIB" duration-ms="163" status="PASS">
          <reporter-output>
          </reporter-output>
        </test-method> <!-- globalTearDown -->
      </class> <!-- com.syafiq.cucumber.TestRunner -->
    </test> <!-- Surefire test -->
  </suite> <!-- Surefire suite -->
</testng-results>
