<?xml version="1.0" encoding="UTF-8"?>
<!-- Generated by org.testng.reporters.JUnitReportReporter -->
<testsuite hostname="mekbuk.local" failures="0" tests="7" name="com.syafiq.cucumber.TestRunner" time="11.018" errors="0" timestamp="2026-04-17T06:20:34 WIB" skipped="0">
  <testcase classname="com.syafiq.cucumber.TestRunner" name="runScenario" time="1.788"/>
  <testcase classname="com.syafiq.cucumber.TestRunner" name="runScenario" time="1.649"/>
  <testcase classname="com.syafiq.cucumber.TestRunner" name="runScenario" time="1.585"/>
  <testcase classname="com.syafiq.cucumber.TestRunner" name="runScenario" time="1.103"/>
  <testcase classname="com.syafiq.cucumber.TestRunner" name="runScenario" time="1.636"/>
  <testcase classname="com.syafiq.cucumber.TestRunner" name="runScenario" time="1.771"/>
  <testcase classname="com.syafiq.cucumber.TestRunner" name="runScenario" time="1.486"/>
</testsuite> <!-- com.syafiq.cucumber.TestRunner -->
